2026-02-09 22:44:48.183 +03:00 [INF] === ПРИЛОЖЕНИЕ ЗАПУЩЕНО ===
2026-02-09 22:44:48.503 +03:00 [INF] Главное окно создано
2026-02-09 22:44:51.084 +03:00 [INF] Нажата кнопка тестирования
2026-02-09 22:44:51.084 +03:00 [DBG] Debug сообщение
2026-02-09 22:44:51.084 +03:00 [WRN] Warning сообщение
2026-02-09 22:44:51.084 +03:00 [ERR] Error сообщение
2026-02-09 22:44:52.693 +03:00 [INF] Нажата кнопка тестирования
2026-02-09 22:44:52.693 +03:00 [DBG] Debug сообщение
2026-02-09 22:44:52.693 +03:00 [WRN] Warning сообщение
2026-02-09 22:44:52.693 +03:00 [ERR] Error сообщение
2026-02-09 22:44:58.295 +03:00 [INF] Нажата кнопка тестирования
2026-02-09 22:44:58.295 +03:00 [DBG] Debug сообщение
2026-02-09 22:44:58.295 +03:00 [WRN] Warning сообщение
2026-02-09 22:44:58.295 +03:00 [ERR] Error сообщение
2026-02-09 22:45:13.348 +03:00 [INF] === ПРИЛОЖЕНИЕ ЗАВЕРШЕНО ===
2026-02-09 22:45:58.701 +03:00 [INF] === ПРИЛОЖЕНИЕ ЗАПУЩЕНО ===
2026-02-09 22:45:58.824 +03:00 [INF] Главное окно создано
2026-02-09 22:46:01.461 +03:00 [INF] Нажата кнопка тестирования
2026-02-09 22:46:01.462 +03:00 [DBG] Debug сообщение
2026-02-09 22:46:01.462 +03:00 [WRN] Warning сообщение
2026-02-09 22:46:01.462 +03:00 [ERR] Error сообщение
2026-02-09 22:46:03.422 +03:00 [INF] Нажата кнопка тестирования
2026-02-09 22:46:03.422 +03:00 [DBG] Debug сообщение
2026-02-09 22:46:03.422 +03:00 [WRN] Warning сообщение
2026-02-09 22:46:03.422 +03:00 [ERR] Error сообщение
2026-02-09 22:46:05.654 +03:00 [INF] === ПРИЛОЖЕНИЕ ЗАВЕРШЕНО ===
